#
# A fatal error has been detected by the Java Runtime Environment:
#
#  EXCEPTION_ACCESS_VIOLATION (0xc0000005) at pc=0x00007ffb307a3821, pid=9080, tid=272
#
# JRE version: OpenJDK Runtime Environment JBR-11.0.9.1.11-1145.63-jcef (11.0.9.1+11) (build 11.0.9.1+11-b1145.63)
# Java VM: OpenJDK 64-Bit Server VM JBR-11.0.9.1.11-1145.63-jcef (11.0.9.1+11-b1145.63, mixed mode, tiered, compressed oops, g1 gc, windows-amd64)
# Problematic frame:
# V  [jvm.dll+0x353821]
#
# No core dump will be written. Minidumps are not enabled by default on client versions of Windows
#
# If you would like to submit a bug report, please visit:
#   https://bugreport.java.com/bugreport/crash.jsp
#

---------------  S U M M A R Y ------------

Command Line: -Djava.rmi.server.hostname=127.0.0.1 -Duser.timezone=UTC -Xmx2034m -Xms128m -Dfile.encoding=UTF-8 com.intellij.database.remote.RemoteJdbcServer org.postgresql.Driver

Host: Intel(R) Core(TM) i5-8300H CPU @ 2.30GHz, 8 cores, 15G,  Windows 10 , 64 bit Build 17763 (10.0.17763.1158)
Time: Fri Feb 12 17:19:00 2021 Oaio?aeuiay Acey (ceia) elapsed time: 59.867006 seconds (0d 0h 0m 59s)

---------------  T H R E A D  ---------------

Current thread (0x00000206fc9aa000):  JavaThread "C2 CompilerThread0" daemon [_thread_in_native, id=272, stack(0x0000006b66500000,0x0000006b66600000)]


Current CompileTask:
C2:  59867 2073       4       java.io.ObjectInputStream::readClassDesc (123 bytes)

Stack: [0x0000006b66500000,0x0000006b66600000],  sp=0x0000006b665fc000,  free space=1008k
Native frames: (J=compiled Java code, j=interpreted, Vv=VM code, C=native code)
V  [jvm.dll+0x353821]
V  [jvm.dll+0x3522f3]
V  [jvm.dll+0x198610]
V  [jvm.dll+0x1fc11e]
V  [jvm.dll+0x1fb1e4]
V  [jvm.dll+0x183aac]
V  [jvm.dll+0x209957]
V  [jvm.dll+0x2081a1]
V  [jvm.dll+0x6eb73f]
V  [jvm.dll+0x6e42d5]
V  [jvm.dll+0x5ecd46]
C  [ucrtbase.dll+0x21ffa]
C  [KERNEL32.DLL+0x17974]
C  [ntdll.dll+0x6a271]


siginfo: EXCEPTION_ACCESS_VIOLATION (0xc0000005), reading address 0xffffffffffffffff


Register to memory mapping:

RIP=0x00007ffb307a3821 jvm.dll
RAX=0x00000206fe859908 points into unknown readable memory: 00 00 00 00 00 00 00 00
RBX=0x0000000000000001 is an unknown value
RCX=0x0000000000000001 is an unknown value
RDX=0x0000000000000002 is an unknown value
RSP=0x0000006b665fc000 is pointing into the stack for thread: 0x00000206fc9aa000
RBP=0x000000000000110b is an unknown value
RSI=0x0 is NULL
RDI=0x00000206ff34e730 points into unknown readable memory: 00 00 00 00 00 00 00 00
R8 =0x101000020000405c is an unknown value
R9 =0x0000006b665fc020 is pointing into the stack for thread: 0x00000206fc9aa000
R10=0x00007ffb30450000 jvm.dll
R11=0x0000006b665fc120 is pointing into the stack for thread: 0x00000206fc9aa000
R12=0x00007ffb30450000 jvm.dll
R13=0x00007ffb30e47b88 jvm.dll
R14=0x00000206ff521730 points into unknown readable memory: bf 60 d7 fc d8 c0 2e 3d
R15=0x0000006b665fc6d0 is pointing into the stack for thread: 0x00000206fc9aa000


Registers:
RAX=0x00000206fe859908, RBX=0x0000000000000001, RCX=0x0000000000000001, RDX=0x0000000000000002
RSP=0x0000006b665fc000, RBP=0x000000000000110b, RSI=0x0000000000000000, RDI=0x00000206ff34e730
R8 =0x101000020000405c, R9 =0x0000006b665fc020, R10=0x00007ffb30450000, R11=0x0000006b665fc120
R12=0x00007ffb30450000, R13=0x00007ffb30e47b88, R14=0x00000206ff521730, R15=0x0000006b665fc6d0
RIP=0x00007ffb307a3821, EFLAGS=0x0000000000010202

Top of Stack: (sp=0x0000006b665fc000)
0x0000006b665fc000:   00000000000005c1 000000000000110b
0x0000006b665fc010:   0000006b665fc6d0 0000000000000000
0x0000006b665fc020:   00001102000001ff 00007ffb00000001
0x0000006b665fc030:   000002068fef9260 0000000000000012
0x0000006b665fc040:   000002068fef9998 000000000000002d
0x0000006b665fc050:   0000006b665fc120 00007ffb3096ad14
0x0000006b665fc060:   000000000000002a 00000206fe0866b0
0x0000006b665fc070:   0000000000000000 0000006b665fc190
0x0000006b665fc080:   00000206ff521730 00007ffb307a22f3
0x0000006b665fc090:   0000006b665fc6d0 0000000000000001
0x0000006b665fc0a0:   00000206fca4cf70 0000000000000000
0x0000006b665fc0b0:   0000006b665fc0e8 0000006b00000006
0x0000006b665fc0c0:   000002060000110b 0000002a00000001
0x0000006b665fc0d0:   0000000d0000000c 0000020600000000
0x0000006b665fc0e0:   0000000c00000019 0000002800000000
0x0000006b665fc0f0:   0000000e00000020 00007ffb00000000 

Instructions: (pc=0x00007ffb307a3821)
0x00007ffb307a3721:   00 00 41 23 86 80 00 00 00 0b c8 8b 42 7c 41 23
0x00007ffb307a3731:   46 7c 0b c8 8b 42 78 41 23 46 78 0b c8 8b 42 74
0x00007ffb307a3741:   41 23 46 74 0b c8 8b 42 70 41 23 46 70 0b c8 8b
0x00007ffb307a3751:   42 6c 41 23 46 6c 0b c8 8b 42 68 41 23 46 68 0b
0x00007ffb307a3761:   c8 8b 42 64 41 23 46 64 0b c8 8b 42 60 41 23 46
0x00007ffb307a3771:   60 0b c8 8b 42 5c 41 23 46 5c 0b c8 8b 42 58 41
0x00007ffb307a3781:   23 46 58 0b c8 8b 42 54 41 23 46 54 0b c8 8b 42
0x00007ffb307a3791:   50 41 23 46 50 0b c8 8b 42 4c 41 23 46 4c 0b c8
0x00007ffb307a37a1:   8b 42 48 41 23 46 48 0b c8 8b 42 44 41 23 46 44
0x00007ffb307a37b1:   0b c8 8b 42 40 41 23 46 40 0b c8 8b 42 3c 41 23
0x00007ffb307a37c1:   46 3c 0b c8 41 8b 46 38 23 42 38 0b c8 74 63 48
0x00007ffb307a37d1:   8b c5 3b eb 73 04 8b c3 8b dd 48 8d 3c 80 48 c1
0x00007ffb307a37e1:   e7 05 49 03 78 10 85 db 74 48 48 8b 47 08 8b cb
0x00007ffb307a37f1:   48 c1 e9 08 8b f3 4c 8b 04 c8 4d 3b c5 75 0d 8b
0x00007ffb307a3801:   d3 48 8b cf e8 86 4f 00 00 4c 8b c0 48 c1 ee 05
0x00007ffb307a3811:   83 e3 1f 83 e6 07 0f b6 cb ba 01 00 00 00 d3 e2
0x00007ffb307a3821:   41 8b 0c b0 8b c1 0b c2 41 89 04 b0 85 ca 75 02
0x00007ffb307a3831:   ff 07 8b 44 24 20 85 c0 74 3e 44 8b 44 24 24 a8
0x00007ffb307a3841:   1f 75 0b c1 e8 05 41 83 c0 05 a8 1f 74 f5 8b d0
0x00007ffb307a3851:   83 e2 1f 42 0f b6 8c 22 e0 d3 82 00 42 0f b6 9c
0x00007ffb307a3861:   22 c0 d3 82 00 d3 e8 89 44 24 20 41 03 d8 42 8d
0x00007ffb307a3871:   04 01 89 44 24 24 eb 0c 48 8d 4c 24 20 e8 0d 4d
0x00007ffb307a3881:   00 00 8b d8 85 db 0f 85 53 fe ff ff 4c 8b ac 24
0x00007ffb307a3891:   a0 00 00 00 48 8b bc 24 98 00 00 00 48 8b b4 24
0x00007ffb307a38a1:   90 00 00 00 48 83 c4 60 41 5f 41 5e 41 5c 5d 5b
0x00007ffb307a38b1:   c3 cc cc cc cc cc cc cc cc cc cc cc cc cc cc 48
0x00007ffb307a38c1:   89 5c 24 08 48 89 74 24 10 57 48 83 ec 20 49 8d
0x00007ffb307a38d1:   49 38 49 8b d9 41 8b f8 e8 c2 09 2f 00 84 c0 74
0x00007ffb307a38e1:   45 83 bb 90 00 00 00 00 74 3c f6 83 98 00 00 00
0x00007ffb307a38f1:   06 74 07 48 8b 4c 24 60 eb 19 48 8b 15 16 a4 6a
0x00007ffb307a3901:   00 48 8d 4b 38 e8 15 4b e8 ff 85 c0 74 18 48 8b
0x00007ffb307a3911:   4c 24 58 0f b7 83 96 00 00 00 29 01 8b 01 3b 41 


Stack slot to memory mapping:
stack at sp + 0 slots: 0x00000000000005c1 is an unknown value
stack at sp + 1 slots: 0x000000000000110b is an unknown value
stack at sp + 2 slots: 0x0000006b665fc6d0 is pointing into the stack for thread: 0x00000206fc9aa000
stack at sp + 3 slots: 0x0 is NULL
stack at sp + 4 slots: 0x00001102000001ff is an unknown value
stack at sp + 5 slots: 0x00007ffb00000001 is an unknown value
stack at sp + 6 slots: 0x000002068fef9260 points into unknown readable memory: fe 07 00 00 00 00 00 00
stack at sp + 7 slots: 0x0000000000000012 is an unknown value


---------------  P R O C E S S  ---------------

Threads class SMR info:
_java_thread_list=0x00000206fd02f8d0, length=23, elements={
0x00000206eec72000, 0x00000206fc13d800, 0x00000206fc147000, 0x00000206fc9a8800,
0x00000206fc9a9000, 0x00000206fc9aa000, 0x00000206fc9ad000, 0x00000206fc9ae000,
0x00000206fcb12800, 0x00000206fcb1a000, 0x00000206fcfc7800, 0x00000206fd098800,
0x00000206fd02d000, 0x00000206fd030000, 0x00000206fd0a1000, 0x00000206fd036800,
0x00000206fd0e2000, 0x00000206fd0bf800, 0x00000206fd3d9000, 0x00000206fd485000,
0x00000206fd486800, 0x00000206fd2fa800, 0x00000206fe68a000
}

Java Threads: ( => current thread )
  0x00000206eec72000 JavaThread "main" [_thread_blocked, id=9108, stack(0x0000006b65a00000,0x0000006b65b00000)]
  0x00000206fc13d800 JavaThread "Reference Handler" daemon [_thread_blocked, id=7768, stack(0x0000006b66100000,0x0000006b66200000)]
  0x00000206fc147000 JavaThread "Finalizer" daemon [_thread_blocked, id=7948, stack(0x0000006b66200000,0x0000006b66300000)]
  0x00000206fc9a8800 JavaThread "Signal Dispatcher" daemon [_thread_blocked, id=8424, stack(0x0000006b66300000,0x0000006b66400000)]
  0x00000206fc9a9000 JavaThread "Attach Listener" daemon [_thread_blocked, id=8812, stack(0x0000006b66400000,0x0000006b66500000)]
=>0x00000206fc9aa000 JavaThread "C2 CompilerThread0" daemon [_thread_in_native, id=272, stack(0x0000006b66500000,0x0000006b66600000)]
  0x00000206fc9ad000 JavaThread "C1 CompilerThread0" daemon [_thread_in_native, id=5676, stack(0x0000006b66600000,0x0000006b66700000)]
  0x00000206fc9ae000 JavaThread "Sweeper thread" daemon [_thread_blocked, id=6072, stack(0x0000006b66700000,0x0000006b66800000)]
  0x00000206fcb12800 JavaThread "Service Thread" daemon [_thread_blocked, id=3068, stack(0x0000006b66800000,0x0000006b66900000)]
  0x00000206fcb1a000 JavaThread "Common-Cleaner" daemon [_thread_blocked, id=3584, stack(0x0000006b66a00000,0x0000006b66b00000)]
  0x00000206fcfc7800 JavaThread "RMI TCP Accept-6551" daemon [_thread_in_native, id=2016, stack(0x0000006b66c00000,0x0000006b66d00000)]
  0x00000206fd098800 JavaThread "RMI TCP Accept-0" daemon [_thread_in_native, id=8608, stack(0x0000006b66d00000,0x0000006b66e00000)]
  0x00000206fd02d000 JavaThread "RMI Reaper" [_thread_blocked, id=7788, stack(0x0000006b66e00000,0x0000006b66f00000)]
  0x00000206fd030000 JavaThread "RMI GC Daemon" daemon [_thread_blocked, id=6004, stack(0x0000006b66f00000,0x0000006b67000000)]
  0x00000206fd0a1000 JavaThread "RMI TCP Connection(6)-127.0.0.1" daemon [_thread_in_native, id=2032, stack(0x0000006b67000000,0x0000006b67100000)]
  0x00000206fd036800 JavaThread "RMI TCP Connection(5)-127.0.0.1" daemon [_thread_in_native, id=8880, stack(0x0000006b67100000,0x0000006b67200000)]
  0x00000206fd0e2000 JavaThread "RMI TCP Connection(3)-127.0.0.1" daemon [_thread_in_native, id=6676, stack(0x0000006b67200000,0x0000006b67300000)]
  0x00000206fd0bf800 JavaThread "RMI Scheduler(0)" daemon [_thread_blocked, id=8756, stack(0x0000006b67300000,0x0000006b67400000)]
  0x00000206fd3d9000 JavaThread "RMI RenewClean-[127.0.0.1:50724]" daemon [_thread_blocked, id=8888, stack(0x0000006b67400000,0x0000006b67500000)]
  0x00000206fd485000 JavaThread "RMI TCP Connection(4)-127.0.0.1" daemon [_thread_in_Java, id=8408, stack(0x0000006b67900000,0x0000006b67a00000)]
  0x00000206fd486800 JavaThread "PostgreSQL-JDBC-SharedTimer-3" daemon [_thread_blocked, id=2552, stack(0x0000006b67700000,0x0000006b67800000)]
  0x00000206fd2fa800 JavaThread "C2 CompilerThread1" daemon [_thread_in_native, id=4508, stack(0x0000006b67a00000,0x0000006b67b00000)]
  0x00000206fe68a000 JavaThread "C2 CompilerThread2" daemon [_thread_blocked, id=3688, stack(0x0000006b67d00000,0x0000006b67e00000)]

Other Threads:
  0x00000206fc11b800 VMThread "VM Thread" [stack: 0x0000006b66000000,0x0000006b66100000] [id=8936]
  0x00000206fcb13800 WatcherThread [stack: 0x0000006b66900000,0x0000006b66a00000] [id=8620]
  0x00000206eec88800 GCTaskThread "GC Thread#0" [stack: 0x0000006b65b00000,0x0000006b65c00000] [id=4880]
  0x00000206fdee1000 GCTaskThread "GC Thread#1" [stack: 0x0000006b66b00000,0x0000006b66c00000] [id=8244]
  0x00000206fd23d800 GCTaskThread "GC Thread#2" [stack: 0x0000006b67600000,0x0000006b67700000] [id=8404]
  0x00000206fdc1b800 GCTaskThread "GC Thread#3" [stack: 0x0000006b67800000,0x0000006b67900000] [id=7712]
  0x00000206eecbb800 ConcurrentGCThread "G1 Main Marker" [stack: 0x0000006b65c00000,0x0000006b65d00000] [id=8012]
  0x00000206eecbd800 ConcurrentGCThread "G1 Conc#0" [stack: 0x0000006b65d00000,0x0000006b65e00000] [id=1264]
  0x00000206fbf82800 ConcurrentGCThread "G1 Refine#0" [stack: 0x0000006b65e00000,0x0000006b65f00000] [id=1372]
  0x00000206fbf83000 ConcurrentGCThread "G1 Young RemSet Sampling" [stack: 0x0000006b65f00000,0x0000006b66000000] [id=7888]

Threads with active compile tasks:
C2 CompilerThread0  59898 2073       4       java.io.ObjectInputStream::readClassDesc (123 bytes)
C1 CompilerThread0  59898 2136       3       com.intellij.database.remote.jdba.jdbc.JdbcValueGetters$ArrayGetter::copySlice (211 bytes)
C2 CompilerThread1  59898 2142   !   4       org.postgresql.jdbc.PgResultSet::getLong (129 bytes)
C2 CompilerThread2  59898 2147       4       java.lang.reflect.Array::newInstance (6 bytes)

VM state:not at safepoint (normal execution)

VM Mutex/Monitor currently owned by a thread: None

Heap address: 0x0000000080e00000, size: 2034 MB, Compressed Oops mode: 32-bit
Narrow klass base: 0x0000000000000000, Narrow klass shift: 3
Compressed class space size: 1073741824 Address: 0x0000000100000000

Heap:
 garbage-first heap   total 131072K, used 24672K [0x0000000080e00000, 0x0000000100000000)
  region size 1024K, 21 young (21504K), 1 survivors (1024K)
 Metaspace       used 16800K, capacity 17374K, committed 17536K, reserved 1064960K
  class space    used 1658K, capacity 1842K, committed 1920K, reserved 1048576K
Heap Regions: E=young(eden), S=young(survivor), O=old, HS=humongous(starts), HC=humongous(continues), CS=collection set, F=free, A=archive, TAMS=top-at-mark-start (previous, next)
|   0|0x0000000080e00000, 0x0000000080f00000, 0x0000000080f00000|100%| O|  |TAMS 0x0000000080e00000, 0x0000000080e00000| Untracked 
|   1|0x0000000080f00000, 0x0000000081000000, 0x0000000081000000|100%| O|  |TAMS 0x0000000080f00000, 0x0000000080f00000| Untracked 
|   2|0x0000000081000000, 0x0000000081100000, 0x0000000081100000|100%| O|  |TAMS 0x0000000081000000, 0x0000000081000000| Untracked 
|   3|0x0000000081100000, 0x0000000081200000, 0x0000000081200000|100%| O|  |TAMS 0x0000000081100000, 0x0000000081100000| Untracked 
|   4|0x0000000081200000, 0x000000008126a000, 0x0000000081300000| 41%| O|  |TAMS 0x0000000081200000, 0x0000000081200000| Untracked 
|   5|0x0000000081300000, 0x0000000081300000, 0x0000000081400000|  0%| F|  |TAMS 0x0000000081300000, 0x0000000081300000| Untracked 
|   6|0x0000000081400000, 0x0000000081400000, 0x0000000081500000|  0%| F|  |TAMS 0x0000000081400000, 0x0000000081400000| Untracked 
|   7|0x0000000081500000, 0x0000000081500000, 0x0000000081600000|  0%| F|  |TAMS 0x0000000081500000, 0x0000000081500000| Untracked 
|   8|0x0000000081600000, 0x0000000081600000, 0x0000000081700000|  0%| F|  |TAMS 0x0000000081600000, 0x0000000081600000| Untracked 
|   9|0x0000000081700000, 0x0000000081700000, 0x0000000081800000|  0%| F|  |TAMS 0x0000000081700000, 0x0000000081700000| Untracked 
|  10|0x0000000081800000, 0x0000000081800000, 0x0000000081900000|  0%| F|  |TAMS 0x0000000081800000, 0x0000000081800000| Untracked 
|  11|0x0000000081900000, 0x0000000081900000, 0x0000000081a00000|  0%| F|  |TAMS 0x0000000081900000, 0x0000000081900000| Untracked 
|  12|0x0000000081a00000, 0x0000000081a00000, 0x0000000081b00000|  0%| F|  |TAMS 0x0000000081a00000, 0x0000000081a00000| Untracked 
|  13|0x0000000081b00000, 0x0000000081b00000, 0x0000000081c00000|  0%| F|  |TAMS 0x0000000081b00000, 0x0000000081b00000| Untracked 
|  14|0x0000000081c00000, 0x0000000081c00000, 0x0000000081d00000|  0%| F|  |TAMS 0x0000000081c00000, 0x0000000081c00000| Untracked 
|  15|0x0000000081d00000, 0x0000000081d00000, 0x0000000081e00000|  0%| F|  |TAMS 0x0000000081d00000, 0x0000000081d00000| Untracked 
|  16|0x0000000081e00000, 0x0000000081e00000, 0x0000000081f00000|  0%| F|  |TAMS 0x0000000081e00000, 0x0000000081e00000| Untracked 
|  17|0x0000000081f00000, 0x0000000081f00000, 0x0000000082000000|  0%| F|  |TAMS 0x0000000081f00000, 0x0000000081f00000| Untracked 
|  18|0x0000000082000000, 0x0000000082000000, 0x0000000082100000|  0%| F|  |TAMS 0x0000000082000000, 0x0000000082000000| Untracked 
|  19|0x0000000082100000, 0x0000000082100000, 0x0000000082200000|  0%| F|  |TAMS 0x0000000082100000, 0x0000000082100000| Untracked 
|  20|0x0000000082200000, 0x0000000082200000, 0x0000000082300000|  0%| F|  |TAMS 0x0000000082200000, 0x0000000082200000| Untracked 
|  21|0x0000000082300000, 0x0000000082300000, 0x0000000082400000|  0%| F|  |TAMS 0x0000000082300000, 0x0000000082300000| Untracked 
|  22|0x0000000082400000, 0x0000000082400000, 0x0000000082500000|  0%| F|  |TAMS 0x0000000082400000, 0x0000000082400000| Untracked 
|  23|0x0000000082500000, 0x0000000082500000, 0x0000000082600000|  0%| F|  |TAMS 0x0000000082500000, 0x0000000082500000| Untracked 
|  24|0x0000000082600000, 0x0000000082600000, 0x0000000082700000|  0%| F|  |TAMS 0x0000000082600000, 0x0000000082600000| Untracked 
|  25|0x0000000082700000, 0x0000000082700000, 0x0000000082800000|  0%| F|  |TAMS 0x0000000082700000, 0x0000000082700000| Untracked 
|  26|0x0000000082800000, 0x0000000082800000, 0x0000000082900000|  0%| F|  |TAMS 0x0000000082800000, 0x0000000082800000| Untracked 
|  27|0x0000000082900000, 0x0000000082900000, 0x0000000082a00000|  0%| F|  |TAMS 0x0000000082900000, 0x0000000082900000| Untracked 
|  28|0x0000000082a00000, 0x0000000082a00000, 0x0000000082b00000|  0%| F|  |TAMS 0x0000000082a00000, 0x0000000082a00000| Untracked 
|  29|0x0000000082b00000, 0x0000000082b00000, 0x0000000082c00000|  0%| F|  |TAMS 0x0000000082b00000, 0x0000000082b00000| Untracked 
|  30|0x0000000082c00000, 0x0000000082c00000, 0x0000000082d00000|  0%| F|  |TAMS 0x0000000082c00000, 0x0000000082c00000| Untracked 
|  31|0x0000000082d00000, 0x0000000082d00000, 0x0000000082e00000|  0%| F|  |TAMS 0x0000000082d00000, 0x0000000082d00000| Untracked 
|  32|0x0000000082e00000, 0x0000000082e00000, 0x0000000082f00000|  0%| F|  |TAMS 0x0000000082e00000, 0x0000000082e00000| Untracked 
|  33|0x0000000082f00000, 0x0000000082f00000, 0x0000000083000000|  0%| F|  |TAMS 0x0000000082f00000, 0x0000000082f00000| Untracked 
|  34|0x0000000083000000, 0x0000000083000000, 0x0000000083100000|  0%| F|  |TAMS 0x0000000083000000, 0x0000000083000000| Untracked 
|  35|0x0000000083100000, 0x0000000083100000, 0x0000000083200000|  0%| F|  |TAMS 0x0000000083100000, 0x0000000083100000| Untracked 
|  36|0x0000000083200000, 0x0000000083200000, 0x0000000083300000|  0%| F|  |TAMS 0x0000000083200000, 0x0000000083200000| Untracked 
|  37|0x0000000083300000, 0x0000000083300000, 0x0000000083400000|  0%| F|  |TAMS 0x0000000083300000, 0x0000000083300000| Untracked 
|  38|0x0000000083400000, 0x0000000083400000, 0x0000000083500000|  0%| F|  |TAMS 0x0000000083400000, 0x0000000083400000| Untracked 
|  39|0x0000000083500000, 0x0000000083500000, 0x0000000083600000|  0%| F|  |TAMS 0x0000000083500000, 0x0000000083500000| Untracked 
|  40|0x0000000083600000, 0x0000000083600000, 0x0000000083700000|  0%| F|  |TAMS 0x0000000083600000, 0x0000000083600000| Untracked 
|  41|0x0000000083700000, 0x0000000083700000, 0x0000000083800000|  0%| F|  |TAMS 0x0000000083700000, 0x0000000083700000| Untracked 
|  42|0x0000000083800000, 0x0000000083800000, 0x0000000083900000|  0%| F|  |TAMS 0x0000000083800000, 0x0000000083800000| Untracked 
|  43|0x0000000083900000, 0x0000000083900000, 0x0000000083a00000|  0%| F|  |TAMS 0x0000000083900000, 0x0000000083900000| Untracked 
|  44|0x0000000083a00000, 0x0000000083a00000, 0x0000000083b00000|  0%| F|  |TAMS 0x0000000083a00000, 0x0000000083a00000| Untracked 
|  45|0x0000000083b00000, 0x0000000083b00000, 0x0000000083c00000|  0%| F|  |TAMS 0x0000000083b00000, 0x0000000083b00000| Untracked 
|  46|0x0000000083c00000, 0x0000000083c00000, 0x0000000083d00000|  0%| F|  |TAMS 0x0000000083c00000, 0x0000000083c00000| Untracked 
|  47|0x0000000083d00000, 0x0000000083d00000, 0x0000000083e00000|  0%| F|  |TAMS 0x0000000083d00000, 0x0000000083d00000| Untracked 
|  48|0x0000000083e00000, 0x0000000083e00000, 0x0000000083f00000|  0%| F|  |TAMS 0x0000000083e00000, 0x0000000083e00000| Untracked 
|  49|0x0000000083f00000, 0x0000000083f00000, 0x0000000084000000|  0%| F|  |TAMS 0x0000000083f00000, 0x0000000083f00000| Untracked 
|  50|0x0000000084000000, 0x0000000084000000, 0x0000000084100000|  0%| F|  |TAMS 0x0000000084000000, 0x0000000084000000| Untracked 
|  51|0x0000000084100000, 0x0000000084100000, 0x0000000084200000|  0%| F|  |TAMS 0x0000000084100000, 0x0000000084100000| Untracked 
|  52|0x0000000084200000, 0x0000000084200000, 0x0000000084300000|  0%| F|  |TAMS 0x0000000084200000, 0x0000000084200000| Untracked 
|  53|0x0000000084300000, 0x0000000084300000, 0x0000000084400000|  0%| F|  |TAMS 0x0000000084300000, 0x0000000084300000| Untracked 
|  54|0x0000000084400000, 0x0000000084400000, 0x0000000084500000|  0%| F|  |TAMS 0x0000000084400000, 0x0000000084400000| Untracked 
|  55|0x0000000084500000, 0x0000000084500000, 0x0000000084600000|  0%| F|  |TAMS 0x0000000084500000, 0x0000000084500000| Untracked 
|  56|0x0000000084600000, 0x0000000084600000, 0x0000000084700000|  0%| F|  |TAMS 0x0000000084600000, 0x0000000084600000| Untracked 
|  57|0x0000000084700000, 0x0000000084700000, 0x0000000084800000|  0%| F|  |TAMS 0x0000000084700000, 0x0000000084700000| Untracked 
|  58|0x0000000084800000, 0x0000000084800000, 0x0000000084900000|  0%| F|  |TAMS 0x0000000084800000, 0x0000000084800000| Untracked 
|  59|0x0000000084900000, 0x0000000084900000, 0x0000000084a00000|  0%| F|  |TAMS 0x0000000084900000, 0x0000000084900000| Untracked 
|  60|0x0000000084a00000, 0x0000000084a00000, 0x0000000084b00000|  0%| F|  |TAMS 0x0000000084a00000, 0x0000000084a00000| Untracked 
|  61|0x0000000084b00000, 0x0000000084b00000, 0x0000000084c00000|  0%| F|  |TAMS 0x0000000084b00000, 0x0000000084b00000| Untracked 
|  62|0x0000000084c00000, 0x0000000084c00000, 0x0000000084d00000|  0%| F|  |TAMS 0x0000000084c00000, 0x0000000084c00000| Untracked 
|  63|0x0000000084d00000, 0x0000000084d00000, 0x0000000084e00000|  0%| F|  |TAMS 0x0000000084d00000, 0x0000000084d00000| Untracked 
|  64|0x0000000084e00000, 0x0000000084e00000, 0x0000000084f00000|  0%| F|  |TAMS 0x0000000084e00000, 0x0000000084e00000| Untracked 
|  65|0x0000000084f00000, 0x0000000084f00000, 0x0000000085000000|  0%| F|  |TAMS 0x0000000084f00000, 0x0000000084f00000| Untracked 
|  66|0x0000000085000000, 0x0000000085000000, 0x0000000085100000|  0%| F|  |TAMS 0x0000000085000000, 0x0000000085000000| Untracked 
|  67|0x0000000085100000, 0x0000000085100000, 0x0000000085200000|  0%| F|  |TAMS 0x0000000085100000, 0x0000000085100000| Untracked 
|  68|0x0000000085200000, 0x0000000085200000, 0x0000000085300000|  0%| F|  |TAMS 0x0000000085200000, 0x0000000085200000| Untracked 
|  69|0x0000000085300000, 0x0000000085300000, 0x0000000085400000|  0%| F|  |TAMS 0x0000000085300000, 0x0000000085300000| Untracked 
|  70|0x0000000085400000, 0x0000000085400000, 0x0000000085500000|  0%| F|  |TAMS 0x0000000085400000, 0x0000000085400000| Untracked 
|  71|0x0000000085500000, 0x0000000085500000, 0x0000000085600000|  0%| F|  |TAMS 0x0000000085500000, 0x0000000085500000| Untracked 
|  72|0x0000000085600000, 0x0000000085600000, 0x0000000085700000|  0%| F|  |TAMS 0x0000000085600000, 0x0000000085600000| Untracked 
|  73|0x0000000085700000, 0x0000000085700000, 0x0000000085800000|  0%| F|  |TAMS 0x0000000085700000, 0x0000000085700000| Untracked 
|  74|0x0000000085800000, 0x0000000085800000, 0x0000000085900000|  0%| F|  |TAMS 0x0000000085800000, 0x0000000085800000| Untracked 
|  75|0x0000000085900000, 0x0000000085900000, 0x0000000085a00000|  0%| F|  |TAMS 0x0000000085900000, 0x0000000085900000| Untracked 
|  76|0x0000000085a00000, 0x0000000085a00000, 0x0000000085b00000|  0%| F|  |TAMS 0x0000000085a00000, 0x0000000085a00000| Untracked 
|  77|0x0000000085b00000, 0x0000000085b00000, 0x0000000085c00000|  0%| F|  |TAMS 0x0000000085b00000, 0x0000000085b00000| Untracked 
|  78|0x0000000085c00000, 0x0000000085c00000, 0x0000000085d00000|  0%| F|  |TAMS 0x0000000085c00000, 0x0000000085c00000| Untracked 
|  79|0x0000000085d00000, 0x0000000085d00000, 0x0000000085e00000|  0%| F|  |TAMS 0x0000000085d00000, 0x0000000085d00000| Untracked 
|  80|0x0000000085e00000, 0x0000000085e00000, 0x0000000085f00000|  0%| F|  |TAMS 0x0000000085e00000, 0x0000000085e00000| Untracked 
|  81|0x0000000085f00000, 0x0000000085f00000, 0x0000000086000000|  0%| F|  |TAMS 0x0000000085f00000, 0x0000000085f00000| Untracked 
|  82|0x0000000086000000, 0x0000000086000000, 0x0000000086100000|  0%| F|  |TAMS 0x0000000086000000, 0x0000000086000000| Untracked 
|  83|0x0000000086100000, 0x0000000086100000, 0x0000000086200000|  0%| F|  |TAMS 0x0000000086100000, 0x0000000086100000| Untracked 
|  84|0x0000000086200000, 0x0000000086200000, 0x0000000086300000|  0%| F|  |TAMS 0x0000000086200000, 0x0000000086200000| Untracked 
|  85|0x0000000086300000, 0x0000000086300000, 0x0000000086400000|  0%| F|  |TAMS 0x0000000086300000, 0x0000000086300000| Untracked 
|  86|0x0000000086400000, 0x0000000086400000, 0x0000000086500000|  0%| F|  |TAMS 0x0000000086400000, 0x0000000086400000| Untracked 
|  87|0x0000000086500000, 0x0000000086500000, 0x0000000086600000|  0%| F|  |TAMS 0x0000000086500000, 0x0000000086500000| Untracked 
|  88|0x0000000086600000, 0x0000000086600000, 0x0000000086700000|  0%| F|  |TAMS 0x0000000086600000, 0x0000000086600000| Untracked 
|  89|0x0000000086700000, 0x0000000086700000, 0x0000000086800000|  0%| F|  |TAMS 0x0000000086700000, 0x0000000086700000| Untracked 
|  90|0x0000000086800000, 0x0000000086800000, 0x0000000086900000|  0%| F|  |TAMS 0x0000000086800000, 0x0000000086800000| Untracked 
|  91|0x0000000086900000, 0x0000000086900000, 0x0000000086a00000|  0%| F|  |TAMS 0x0000000086900000, 0x0000000086900000| Untracked 
|  92|0x0000000086a00000, 0x0000000086a00000, 0x0000000086b00000|  0%| F|  |TAMS 0x0000000086a00000, 0x0000000086a00000| Untracked 
|  93|0x0000000086b00000, 0x0000000086b00000, 0x0000000086c00000|  0%| F|  |TAMS 0x0000000086b00000, 0x0000000086b00000| Untracked 
|  94|0x0000000086c00000, 0x0000000086c00000, 0x0000000086d00000|  0%| F|  |TAMS 0x0000000086c00000, 0x0000000086c00000| Untracked 
|  95|0x0000000086d00000, 0x0000000086d00000, 0x0000000086e00000|  0%| F|  |TAMS 0x0000000086d00000, 0x0000000086d00000| Untracked 
|  96|0x0000000086e00000, 0x0000000086e00000, 0x0000000086f00000|  0%| F|  |TAMS 0x0000000086e00000, 0x0000000086e00000| Untracked 
|  97|0x0000000086f00000, 0x0000000086f00000, 0x0000000087000000|  0%| F|  |TAMS 0x0000000086f00000, 0x0000000086f00000| Untracked 
|  98|0x0000000087000000, 0x0000000087000000, 0x0000000087100000|  0%| F|  |TAMS 0x0000000087000000, 0x0000000087000000| Untracked 
|  99|0x0000000087100000, 0x0000000087100000, 0x0000000087200000|  0%| F|  |TAMS 0x0000000087100000, 0x0000000087100000| Untracked 
| 100|0x0000000087200000, 0x0000000087200000, 0x0000000087300000|  0%| F|  |TAMS 0x0000000087200000, 0x0000000087200000| Untracked 
| 101|0x0000000087300000, 0x0000000087300000, 0x0000000087400000|  0%| F|  |TAMS 0x0000000087300000, 0x0000000087300000| Untracked 
| 102|0x0000000087400000, 0x0000000087400000, 0x0000000087500000|  0%| F|  |TAMS 0x0000000087400000, 0x0000000087400000| Untracked 
| 103|0x0000000087500000, 0x0000000087500000, 0x0000000087600000|  0%| F|  |TAMS 0x0000000087500000, 0x0000000087500000| Untracked 
| 104|0x0000000087600000, 0x0000000087600000, 0x0000000087700000|  0%| F|  |TAMS 0x0000000087600000, 0x0000000087600000| Untracked 
| 105|0x0000000087700000, 0x0000000087700000, 0x0000000087800000|  0%| F|  |TAMS 0x0000000087700000, 0x0000000087700000| Untracked 
| 106|0x0000000087800000, 0x0000000087800000, 0x0000000087900000|  0%| F|  |TAMS 0x0000000087800000, 0x0000000087800000| Untracked 
| 107|0x0000000087900000, 0x00000000879ae190, 0x0000000087a00000| 68%| S|CS|TAMS 0x0000000087900000, 0x0000000087900000| Complete 
| 108|0x0000000087a00000, 0x0000000087a78718, 0x0000000087b00000| 47%| E|  |TAMS 0x0000000087a00000, 0x0000000087a00000| Complete 
| 109|0x0000000087b00000, 0x0000000087c00000, 0x0000000087c00000|100%| E|CS|TAMS 0x0000000087b00000, 0x0000000087b00000| Complete 
| 110|0x0000000087c00000, 0x0000000087d00000, 0x0000000087d00000|100%| E|CS|TAMS 0x0000000087c00000, 0x0000000087c00000| Complete 
| 111|0x0000000087d00000, 0x0000000087e00000, 0x0000000087e00000|100%| E|CS|TAMS 0x0000000087d00000, 0x0000000087d00000| Complete 
| 112|0x0000000087e00000, 0x0000000087f00000, 0x0000000087f00000|100%| E|CS|TAMS 0x0000000087e00000, 0x0000000087e00000| Complete 
| 113|0x0000000087f00000, 0x0000000088000000, 0x0000000088000000|100%| E|CS|TAMS 0x0000000087f00000, 0x0000000087f00000| Complete 
| 114|0x0000000088000000, 0x0000000088100000, 0x0000000088100000|100%| E|CS|TAMS 0x0000000088000000, 0x0000000088000000| Complete 
| 115|0x0000000088100000, 0x0000000088200000, 0x0000000088200000|100%| E|CS|TAMS 0x0000000088100000, 0x0000000088100000| Complete 
| 116|0x0000000088200000, 0x0000000088300000, 0x0000000088300000|100%| E|CS|TAMS 0x0000000088200000, 0x0000000088200000| Complete 
| 117|0x0000000088300000, 0x0000000088400000, 0x0000000088400000|100%| E|CS|TAMS 0x0000000088300000, 0x0000000088300000| Complete 
| 118|0x0000000088400000, 0x0000000088500000, 0x0000000088500000|100%| E|CS|TAMS 0x0000000088400000, 0x0000000088400000| Complete 
| 119|0x0000000088500000, 0x0000000088600000, 0x0000000088600000|100%| E|CS|TAMS 0x0000000088500000, 0x0000000088500000| Complete 
| 120|0x0000000088600000, 0x0000000088700000, 0x0000000088700000|100%| E|CS|TAMS 0x0000000088600000, 0x0000000088600000| Complete 
| 121|0x0000000088700000, 0x0000000088800000, 0x0000000088800000|100%| E|CS|TAMS 0x0000000088700000, 0x0000000088700000| Complete 
| 122|0x0000000088800000, 0x0000000088900000, 0x0000000088900000|100%| E|CS|TAMS 0x0000000088800000, 0x0000000088800000| Complete 
| 123|0x0000000088900000, 0x0000000088a00000, 0x0000000088a00000|100%| E|CS|TAMS 0x0000000088900000, 0x0000000088900000| Complete 
| 124|0x0000000088a00000, 0x0000000088b00000, 0x0000000088b00000|100%| E|CS|TAMS 0x0000000088a00000, 0x0000000088a00000| Complete 
| 125|0x0000000088b00000, 0x0000000088c00000, 0x0000000088c00000|100%| E|CS|TAMS 0x0000000088b00000, 0x0000000088b00000| Complete 
| 126|0x0000000088c00000, 0x0000000088d00000, 0x0000000088d00000|100%| E|CS|TAMS 0x0000000088c00000, 0x0000000088c00000| Complete 
| 127|0x0000000088d00000, 0x0000000088e00000, 0x0000000088e00000|100%| E|CS|TAMS 0x0000000088d00000, 0x0000000088d00000| Complete 

Card table byte_map: [0x00000206f4eb0000,0x00000206f52b0000] _byte_map_base: 0x00000206f4aa9000

Marking Bits (Prev, Next): (CMBitMap*) 0x00000206eecb2908, (CMBitMap*) 0x00000206eecb2940
 Prev Bits: [0x00000206f56b0000, 0x00000206f7678000)
 Next Bits: [0x00000206f7680000, 0x00000206f9648000)

Polling page: 0x00000206eed40000

Metaspace:

Usage:
  Non-class:     15.17 MB capacity,    14.79 MB ( 97%) used,   340.70 KB (  2%) free+waste,    47.69 KB ( <1%) overhead. 
      Class:      1.80 MB capacity,     1.62 MB ( 90%) used,   161.34 KB (  9%) free+waste,    22.63 KB (  1%) overhead. 
       Both:     16.97 MB capacity,    16.41 MB ( 97%) used,   502.03 KB (  3%) free+waste,    70.31 KB ( <1%) overhead. 

Virtual space:
  Non-class space:       16.00 MB reserved,      15.25 MB ( 95%) committed 
      Class space:        1.00 GB reserved,       1.88 MB ( <1%) committed 
             Both:        1.02 GB reserved,      17.13 MB (  2%) committed 

Chunk freelists:
   Non-Class:  20.00 KB
       Class:  0 bytes
        Both:  20.00 KB

MaxMetaspaceSize: 17179869184.00 GB
CompressedClassSpaceSize: 1.00 GB

CodeHeap 'non-profiled nmethods': size=120000Kb used=1026Kb max_used=1026Kb free=118973Kb
 bounds [0x0000020687ad0000, 0x0000020687d40000, 0x000002068f000000]
CodeHeap 'profiled nmethods': size=120000Kb used=3933Kb max_used=3933Kb free=116066Kb
 bounds [0x00000206805a0000, 0x0000020680980000, 0x0000020687ad0000]
CodeHeap 'non-nmethods': size=5760Kb used=1131Kb max_used=1188Kb free=4628Kb
 bounds [0x0000020680000000, 0x0000020680270000, 0x00000206805a0000]
 total_blobs=2372 nmethods=1906 adapters=378
 compilation: enabled
              stopped_count=0, restarted_count=0
 full_count=0

Compilation events (20 events):
Event: 59.612 Thread 0x00000206fd2fa800 2085       4       org.postgresql.core.PGStream::receiveChar (22 bytes)
Event: 59.614 Thread 0x00000206fd2fa800 nmethod 2085 0x0000020687bc1790 code [0x0000020687bc1940, 0x0000020687bc1a88]
Event: 59.614 Thread 0x00000206fd2fa800 2080       4       sun.rmi.transport.StreamRemoteCall::getInputStream (60 bytes)
Event: 59.615 Thread 0x00000206fe68a000 nmethod 2084 0x0000020687bc1c10 code [0x0000020687bc1dc0, 0x0000020687bc20e8]
Event: 59.615 Thread 0x00000206fe68a000 2079  s    4       java.io.BufferedOutputStream::flush (12 bytes)
Event: 59.624 Thread 0x00000206fe68a000 nmethod 2079 0x0000020687bc2410 code [0x0000020687bc2600, 0x0000020687bc2f08]
Event: 59.624 Thread 0x00000206fe68a000 2078   !   4       java.io.ObjectInputStream::filterCheck (223 bytes)
Event: 59.630 Thread 0x00000206fe68a000 nmethod 2078 0x0000020687bc3390 code [0x0000020687bc3540, 0x0000020687bc3838]
Event: 59.683 Thread 0x00000206fd2fa800 nmethod 2080 0x0000020687bc3c10 code [0x0000020687bc3f20, 0x0000020687bc6a40]
Event: 59.693 Thread 0x00000206fe68a000 2089       4       java.io.DataOutputStream::<init> (19 bytes)
Event: 59.697 Thread 0x00000206fe68a000 nmethod 2089 0x0000020687bc7d10 code [0x0000020687bc7ec0, 0x0000020687bc82b8]
Event: 59.732 Thread 0x00000206fc9ad000 2090       3       org.postgresql.core.v3.SimpleParameterList::isNull (20 bytes)
Event: 59.732 Thread 0x00000206fc9ad000 nmethod 2090 0x000002068076d790 code [0x000002068076d940, 0x000002068076dad8]
Event: 59.733 Thread 0x00000206fc9ad000 2091       3       org.postgresql.core.v3.SimpleParameterList::getV3Length (112 bytes)
Event: 59.733 Thread 0x00000206fc9ad000 nmethod 2091 0x00000206807e0810 code [0x00000206807e0a80, 0x00000206807e1678]
Event: 59.787 Thread 0x00000206fd2fa800 2092   !   4       org.postgresql.core.PGStream::receiveTupleV3 (89 bytes)
Event: 59.798 Thread 0x00000206fc9ad000 2093       3       java.lang.ReflectiveOperationException::<init> (7 bytes)
Event: 59.799 Thread 0x00000206fc9ad000 nmethod 2093 0x0000020680795990 code [0x0000020680795b60, 0x0000020680795ce8]
Event: 59.799 Thread 0x00000206fc9ad000 2094       3       java.lang.Exception::<init> (7 bytes)
Event: 59.799 Thread 0x00000206fc9ad000 nmethod 2094 0x00000206805c2410 code [0x00000206805c25c0, 0x00000206805c26e8]

GC Heap History (4 events):
Event: 1.157 GC heap before
{Heap before GC invocations=0 (full 0):
 garbage-first heap   total 131072K, used 23552K [0x0000000080e00000, 0x0000000100000000)
  region size 1024K, 24 young (24576K), 0 survivors (0K)
 Metaspace       used 15857K, capacity 16316K, committed 16512K, reserved 1064960K
  class space    used 1622K, capacity 1799K, committed 1920K, reserved 1048576K
}
Event: 1.161 GC heap after
{Heap after GC invocations=1 (full 0):
 garbage-first heap   total 131072K, used 4552K [0x0000000080e00000, 0x0000000100000000)
  region size 1024K, 3 young (3072K), 3 survivors (3072K)
 Metaspace       used 15857K, capacity 16316K, committed 16512K, reserved 1064960K
  class space    used 1622K, capacity 1799K, committed 1920K, reserved 1048576K
}
Event: 57.090 GC heap before
{Heap before GC invocations=1 (full 0):
 garbage-first heap   total 131072K, used 25032K [0x0000000080e00000, 0x0000000100000000)
  region size 1024K, 23 young (23552K), 3 survivors (3072K)
 Metaspace       used 16612K, capacity 17176K, committed 17280K, reserved 1064960K
  class space    used 1653K, capacity 1841K, committed 1920K, reserved 1048576K
}
Event: 57.094 GC heap after
{Heap after GC invocations=2 (full 0):
 garbage-first heap   total 131072K, used 5216K [0x0000000080e00000, 0x0000000100000000)
  region size 1024K, 1 young (1024K), 1 survivors (1024K)
 Metaspace       used 16612K, capacity 17176K, committed 17280K, reserved 1064960K
  class space    used 1653K, capacity 1841K, committed 1920K, reserved 1048576K
}

Deoptimization events (20 events):
Event: 57.284 Thread 0x00000206fd485000 Uncommon trap: trap_request=0xffffffbe fr.pc=0x0000020687b911dc relative=0x00000000000002bc
Event: 57.284 Thread 0x00000206fd485000 Uncommon trap: reason=profile_predicate action=maybe_recompile pc=0x0000020687b911dc method=sun.security.provider.HashDrbg.addBytes([BI[[B)V @ 36 c2
Event: 57.284 Thread 0x00000206fd485000 DEOPT PACKING pc=0x0000020687b911dc sp=0x0000006b679fb190
Event: 57.284 Thread 0x00000206fd485000 DEOPT UNPACKING pc=0x00000206800274af sp=0x0000006b679fb0e0 mode 2
Event: 57.284 Thread 0x00000206fd485000 Uncommon trap: trap_request=0xffffffbe fr.pc=0x0000020687b911dc relative=0x00000000000002bc
Event: 57.284 Thread 0x00000206fd485000 Uncommon trap: reason=profile_predicate action=maybe_recompile pc=0x0000020687b911dc method=sun.security.provider.HashDrbg.addBytes([BI[[B)V @ 36 c2
Event: 57.284 Thread 0x00000206fd485000 DEOPT PACKING pc=0x0000020687b911dc sp=0x0000006b679fb180
Event: 57.284 Thread 0x00000206fd485000 DEOPT UNPACKING pc=0x00000206800274af sp=0x0000006b679fb0d0 mode 2
Event: 57.285 Thread 0x00000206fd485000 Uncommon trap: trap_request=0xffffffbe fr.pc=0x0000020687b911dc relative=0x00000000000002bc
Event: 57.285 Thread 0x00000206fd485000 Uncommon trap: reason=profile_predicate action=maybe_recompile pc=0x0000020687b911dc method=sun.security.provider.HashDrbg.addBytes([BI[[B)V @ 36 c2
Event: 57.285 Thread 0x00000206fd485000 DEOPT PACKING pc=0x0000020687b911dc sp=0x0000006b679fb140
Event: 57.285 Thread 0x00000206fd485000 DEOPT UNPACKING pc=0x00000206800274af sp=0x0000006b679fb090 mode 2
Event: 57.285 Thread 0x00000206fd485000 Uncommon trap: trap_request=0xffffffbe fr.pc=0x0000020687b911dc relative=0x00000000000002bc
Event: 57.285 Thread 0x00000206fd485000 Uncommon trap: reason=profile_predicate action=maybe_recompile pc=0x0000020687b911dc method=sun.security.provider.HashDrbg.addBytes([BI[[B)V @ 36 c2
Event: 57.285 Thread 0x00000206fd485000 DEOPT PACKING pc=0x0000020687b911dc sp=0x0000006b679fb130
Event: 57.285 Thread 0x00000206fd485000 DEOPT UNPACKING pc=0x00000206800274af sp=0x0000006b679fb080 mode 2
Event: 57.456 Thread 0x00000206fd485000 Uncommon trap: trap_request=0xffffff4d fr.pc=0x0000020687b86928 relative=0x0000000000000908
Event: 57.456 Thread 0x00000206fd485000 Uncommon trap: reason=unstable_if action=reinterpret pc=0x0000020687b86928 method=java.lang.Math.min(JJ)J @ 3 c2
Event: 57.456 Thread 0x00000206fd485000 DEOPT PACKING pc=0x0000020687b86928 sp=0x0000006b679fb510
Event: 57.456 Thread 0x00000206fd485000 DEOPT UNPACKING pc=0x00000206800274af sp=0x0000006b679fb468 mode 2

Classes redefined (0 events):
No events

Internal exceptions (20 events):
Event: 0.308 Thread 0x00000206fd036800 Exception <a 'java/lang/NoSuchMethodError'{0x000000008840c2e0}: 'java.lang.Object java.lang.invoke.DelegatingMethodHandle$Holder.reinvoke_L(java.lang.Object, int, int, java.lang.Object, int, java.lang.Object, java.lang.Object)'> (0x000000008840c2e0) thrown at [./src/hotspot/share/interpreter/linkResolver.cpp, line 773]
Event: 0.312 Thread 0x00000206fd036800 Exception <a 'java/lang/NoSuchMethodError'{0x00000000884383f8}: 'java.lang.Object java.lang.invoke.DirectMethodHandle$Holder.invokeStatic(java.lang.Object, java.lang.Object, java.lang.Object, java.lang.Object, java.lang.Object, java.lang.Object, java.lang.Object, java.lang.Object, int)'> (0x00000000884383f8) thrown at [./src/hotspot/share/interpreter/linkResolver.cpp, line 773]
Event: 0.314 Thread 0x00000206fd036800 Exception <a 'java/lang/NoSuchMethodError'{0x0000000088452930}: 'java.lang.Object java.lang.invoke.DirectMethodHandle$Holder.invokeStatic(java.lang.Object, java.lang.Object, java.lang.Object, java.lang.Object, java.lang.Object, java.lang.Object, java.lang.Object, java.lang.Object, int, int)'> (0x0000000088452930) thrown at [./src/hotspot/share/interpreter/linkResolver.cpp, line 773]
Event: 0.315 Thread 0x00000206fd036800 Exception <a 'java/lang/NoSuchMethodError'{0x000000008846de88}: 'java.lang.Object java.lang.invoke.DirectMethodHandle$Holder.invokeStatic(java.lang.Object, java.lang.Object, java.lang.Object, java.lang.Object, java.lang.Object, java.lang.Object, java.lang.Object, java.lang.Object, int, int, java.lang.Object)'> (0x000000008846de88) thrown at [./src/hotspot/share/interpreter/linkResolver.cpp, line 773]
Event: 0.316 Thread 0x00000206fd036800 Exception <a 'java/lang/NoSuchMethodError'{0x000000008848a928}: 'java.lang.Object java.lang.invoke.DirectMethodHandle$Holder.invokeStatic(java.lang.Object, java.lang.Object, java.lang.Object, java.lang.Object, java.lang.Object, java.lang.Object, java.lang.Object, java.lang.Object, int, int, java.lang.Object, java.lang.Object)'> (0x000000008848a928) thrown at [./src/hotspot/share/interpreter/linkResolver.cpp, line 773]
Event: 0.323 Thread 0x00000206fd036800 Exception <a 'java/lang/NoSuchMethodError'{0x00000000884c1d28}: <clinit>> (0x00000000884c1d28) thrown at [./src/hotspot/share/prims/jni.cpp, line 1362]
Event: 0.325 Thread 0x00000206fd3d9000 Exception <a 'java/lang/InterruptedException'{0x000000008837b6a0}> (0x000000008837b6a0) thrown at [./src/hotspot/share/runtime/objectMonitor.cpp, line 1635]
Event: 0.325 Thread 0x00000206fd3d9000 Exception <a 'java/lang/NoSuchMethodError'{0x00000000883834d8}: 'java.lang.Object java.lang.invoke.DirectMethodHandle$Holder.invokeStatic(java.lang.Object, java.lang.Object, int, java.lang.Object, long)'> (0x00000000883834d8) thrown at [./src/hotspot/share/interpreter/linkResolver.cpp, line 773]
Event: 0.408 Thread 0x00000206fd0e2000 Exception <a 'java/lang/NoSuchMethodError'{0x0000000088057908}: 'java.lang.Object java.lang.invoke.DirectMethodHandle$Holder.invokeStatic(java.lang.Object, int, java.lang.Object)'> (0x0000000088057908) thrown at [./src/hotspot/share/interpreter/linkResolver.cpp, line 773]
Event: 0.410 Thread 0x00000206fd0e2000 Exception <a 'java/lang/NoSuchMethodError'{0x0000000088068b60}: 'int java.lang.invoke.DirectMethodHandle$Holder.invokeStatic(java.lang.Object, int, java.lang.Object, java.lang.Object)'> (0x0000000088068b60) thrown at [./src/hotspot/share/interpreter/linkResolver.cpp, line 773]
Event: 0.434 Thread 0x00000206fd0e2000 Exception <a 'sun/nio/fs/WindowsException'{0x0000000087f91e90}> (0x0000000087f91e90) thrown at [./src/hotspot/share/prims/jni.cpp, line 615]
Event: 0.435 Thread 0x00000206fd0e2000 Exception <a 'java/lang/NoSuchMethodError'{0x0000000087f99400}: 'int java.lang.invoke.DirectMethodHandle$Holder.invokeSpecialIFC(java.lang.Object, java.lang.Object, int)'> (0x0000000087f99400) thrown at [./src/hotspot/share/interpreter/linkResolver.cpp, line 773]
Event: 0.701 Thread 0x00000206fd0e2000 Exception <a 'java/lang/NoSuchMethodError'{0x0000000087711738}: <clinit>> (0x0000000087711738) thrown at [./src/hotspot/share/prims/jni.cpp, line 1362]
Event: 1.106 Thread 0x00000206fd0e2000 Exception <a 'java/lang/NoSuchMethodError'{0x000000008762dcb0}: <clinit>> (0x000000008762dcb0) thrown at [./src/hotspot/share/prims/jni.cpp, line 1362]
Event: 1.107 Thread 0x00000206fd0e2000 Exception <a 'java/lang/NoSuchMethodError'{0x000000008763a518}: <clinit>> (0x000000008763a518) thrown at [./src/hotspot/share/prims/jni.cpp, line 1362]
Event: 1.229 Thread 0x00000206fd0e2000 Exception <a 'java/lang/NoSuchMethodError'{0x0000000088d59058}: <clinit>> (0x0000000088d59058) thrown at [./src/hotspot/share/prims/jni.cpp, line 1362]
Event: 1.229 Thread 0x00000206fd0e2000 Exception <a 'java/lang/NoSuchMethodError'{0x0000000088d64188}: <clinit>> (0x0000000088d64188) thrown at [./src/hotspot/share/prims/jni.cpp, line 1362]
Event: 1.233 Thread 0x00000206fd0e2000 Exception <a 'java/lang/NoSuchMethodError'{0x0000000088d72ca0}: <clinit>> (0x0000000088d72ca0) thrown at [./src/hotspot/share/prims/jni.cpp, line 1362]
Event: 30.887 Thread 0x00000206fd0e2000 Exception <a 'java/lang/NoSuchMethodError'{0x0000000088275758}: <clinit>> (0x0000000088275758) thrown at [./src/hotspot/share/prims/jni.cpp, line 1362]
Event: 31.179 Thread 0x00000206fd0e2000 Exception <a 'java/lang/NoSuchMethodError'{0x0000000088069e18}: <clinit>> (0x0000000088069e18) thrown at [./src/hotspot/share/prims/jni.cpp, line 1362]

Events (20 events):
Event: 59.679 Executing coalesced safepoint VM operation: RevokeBias done
Event: 59.679 Executing VM operation: RevokeBias done
Event: 59.679 Executing VM operation: RevokeBias
Event: 59.679 Thread 0x00000206fe6dd000 Thread exited: 0x00000206fe6dd000
Event: 59.679 Executing coalesced safepoint VM operation: RevokeBias
Event: 59.679 Executing coalesced safepoint VM operation: RevokeBias done
Event: 59.679 Executing VM operation: RevokeBias done
Event: 59.679 Thread 0x00000206fe6e0000 Thread exited: 0x00000206fe6e0000
Event: 59.679 Thread 0x00000206fe6e3800 Thread exited: 0x00000206fe6e3800
Event: 59.679 Thread 0x00000206fe6e1800 Thread exited: 0x00000206fe6e1800
Event: 59.679 Executing VM operation: RevokeBias
Event: 59.679 Executing VM operation: RevokeBias done
Event: 59.679 Thread 0x00000206fe6df800 Thread exited: 0x00000206fe6df800
Event: 59.798 loading class long
Event: 59.798 loading class long done
Event: 59.798 Thread 0x00000206fe68a000 Thread exited: 0x00000206fe68a000
Event: 59.799 loading class long
Event: 59.799 loading class long done
Event: 59.801 loading class com/intellij/database/remote/jdba/util/Numbers
Event: 59.801 loading class com/intellij/database/remote/jdba/util/Numbers done


Dynamic libraries:
0x00007ff76a580000 - 0x00007ff76a58a000 	C:\Program Files\JetBrains\IntelliJ IDEA 2020.3.1\jbr\bin\java.exe
0x00007ffb76a40000 - 0x00007ffb76c2d000 	C:\Windows\SYSTEM32\ntdll.dll
0x00007ffb767c0000 - 0x00007ffb76873000 	C:\Windows\System32\KERNEL32.DLL
0x00007ffb72be0000 - 0x00007ffb72e75000 	C:\Windows\System32\KERNELBASE.dll
0x00007ffb72ea0000 - 0x00007ffb72f9a000 	C:\Windows\System32\ucrtbase.dll
0x00007ffb59590000 - 0x00007ffb595a7000 	C:\Program Files\JetBrains\IntelliJ IDEA 2020.3.1\jbr\bin\VCRUNTIME140.dll
0x00007ffb59570000 - 0x00007ffb59589000 	C:\Program Files\JetBrains\IntelliJ IDEA 2020.3.1\jbr\bin\jli.dll
0x00007ffb75cc0000 - 0x00007ffb75e57000 	C:\Windows\System32\USER32.dll
0x00007ffb72e80000 - 0x00007ffb72ea0000 	C:\Windows\System32\win32u.dll
0x00007ffb60c10000 - 0x00007ffb60e89000 	C:\Windows\WinSxS\amd64_microsoft.windows.common-controls_6595b64144ccf1df_6.0.17763.1217_none_de6e4304534e0ad3\COMCTL32.dll
0x00007ffb76790000 - 0x00007ffb767b9000 	C:\Windows\System32\GDI32.dll
0x00007ffb75e60000 - 0x00007ffb75efe000 	C:\Windows\System32\msvcrt.dll
0x00007ffb72fa0000 - 0x00007ffb73139000 	C:\Windows\System32\gdi32full.dll
0x00007ffb73390000 - 0x00007ffb73430000 	C:\Windows\System32\msvcp_win.dll
0x00007ffb73d90000 - 0x00007ffb740bc000 	C:\Windows\System32\combase.dll
0x00007ffb76660000 - 0x00007ffb76782000 	C:\Windows\System32\RPCRT4.dll
0x00007ffb73be0000 - 0x00007ffb73c5e000 	C:\Windows\System32\bcryptPrimitives.dll
0x00007ffb76060000 - 0x00007ffb7608e000 	C:\Windows\System32\IMM32.DLL
0x00007ffb59250000 - 0x00007ffb592ed000 	C:\Program Files\JetBrains\IntelliJ IDEA 2020.3.1\jbr\bin\msvcp140.dll
0x00007ffb30450000 - 0x00007ffb30f1e000 	C:\Program Files\JetBrains\IntelliJ IDEA 2020.3.1\jbr\bin\server\jvm.dll
0x00007ffb740c0000 - 0x00007ffb74163000 	C:\Windows\System32\ADVAPI32.dll
0x00007ffb758e0000 - 0x00007ffb7597e000 	C:\Windows\System32\sechost.dll
0x00007ffb75cb0000 - 0x00007ffb75cb8000 	C:\Windows\System32\PSAPI.DLL
0x00007ffb59a50000 - 0x00007ffb59a59000 	C:\Windows\SYSTEM32\WSOCK32.dll
0x00007ffb70450000 - 0x00007ffb70474000 	C:\Windows\SYSTEM32\WINMM.dll
0x00007ffb6e930000 - 0x00007ffb6e93a000 	C:\Windows\SYSTEM32\VERSION.dll
0x00007ffb75980000 - 0x00007ffb759ed000 	C:\Windows\System32\WS2_32.dll
0x00007ffb6fe60000 - 0x00007ffb6fe8d000 	C:\Windows\SYSTEM32\WINMMBASE.dll
0x00007ffb73140000 - 0x00007ffb7318a000 	C:\Windows\System32\cfgmgr32.dll
0x00007ffb72ab0000 - 0x00007ffb72ac1000 	C:\Windows\System32\kernel.appcore.dll
0x00007ffb6eda0000 - 0x00007ffb6edb1000 	C:\Program Files\JetBrains\IntelliJ IDEA 2020.3.1\jbr\bin\verify.dll
0x00007ffb653f0000 - 0x00007ffb655dd000 	C:\Windows\SYSTEM32\DBGHELP.DLL
0x00007ffb648f0000 - 0x00007ffb6491a000 	C:\Windows\SYSTEM32\dbgcore.DLL
0x00007ffb67700000 - 0x00007ffb67729000 	C:\Program Files\JetBrains\IntelliJ IDEA 2020.3.1\jbr\bin\java.dll
0x00007ffb70680000 - 0x00007ffb7068b000 	C:\Program Files\JetBrains\IntelliJ IDEA 2020.3.1\jbr\bin\jimage.dll
0x00007ffb66d50000 - 0x00007ffb66d68000 	C:\Program Files\JetBrains\IntelliJ IDEA 2020.3.1\jbr\bin\zip.dll
0x00007ffb741d0000 - 0x00007ffb756c4000 	C:\Windows\System32\SHELL32.dll
0x00007ffb75bf0000 - 0x00007ffb75c98000 	C:\Windows\System32\shcore.dll
0x00007ffb73490000 - 0x00007ffb73bde000 	C:\Windows\System32\windows.storage.dll
0x00007ffb72ad0000 - 0x00007ffb72af4000 	C:\Windows\System32\profapi.dll
0x00007ffb72a30000 - 0x00007ffb72a8d000 	C:\Windows\System32\powrprof.dll
0x00007ffb76520000 - 0x00007ffb76572000 	C:\Windows\System32\shlwapi.dll
0x00007ffb73370000 - 0x00007ffb73387000 	C:\Windows\System32\cryptsp.dll
0x00007ffb66d30000 - 0x00007ffb66d4a000 	C:\Program Files\JetBrains\IntelliJ IDEA 2020.3.1\jbr\bin\net.dll
0x00007ffb67430000 - 0x00007ffb67522000 	C:\Windows\SYSTEM32\WINHTTP.dll
0x00007ffb722a0000 - 0x00007ffb72307000 	C:\Windows\system32\mswsock.dll
0x00007ffb61940000 - 0x00007ffb61954000 	C:\Program Files\JetBrains\IntelliJ IDEA 2020.3.1\jbr\bin\nio.dll
0x00007ffb71e20000 - 0x00007ffb71e53000 	C:\Windows\system32\rsaenh.dll
0x00007ffb72bb0000 - 0x00007ffb72bd6000 	C:\Windows\System32\bcrypt.dll
0x00007ffb72960000 - 0x00007ffb72988000 	C:\Windows\SYSTEM32\USERENV.dll
0x00007ffb72470000 - 0x00007ffb7247c000 	C:\Windows\SYSTEM32\CRYPTBASE.dll
0x00007ffb71fc0000 - 0x00007ffb71ffd000 	C:\Windows\SYSTEM32\IPHLPAPI.DLL
0x00007ffb75ca0000 - 0x00007ffb75ca8000 	C:\Windows\System32\NSI.dll
0x00007ffb67340000 - 0x00007ffb67356000 	C:\Windows\SYSTEM32\dhcpcsvc6.DLL
0x00007ffb67320000 - 0x00007ffb6733c000 	C:\Windows\SYSTEM32\dhcpcsvc.DLL
0x00007ffb72010000 - 0x00007ffb720d7000 	C:\Windows\SYSTEM32\DNSAPI.dll
0x00007ffb594f0000 - 0x00007ffb594f8000 	C:\Program Files\JetBrains\IntelliJ IDEA 2020.3.1\jbr\bin\rmi.dll
0x00007ffb672f0000 - 0x00007ffb672fa000 	C:\Windows\System32\rasadhlp.dll
0x00007ffb673b0000 - 0x00007ffb67429000 	C:\Windows\System32\fwpuclnt.dll
0x00007ffb5b310000 - 0x00007ffb5b338000 	C:\Program Files\JetBrains\IntelliJ IDEA 2020.3.1\jbr\bin\sunec.dll

dbghelp: loaded successfully - version: 4.0.5 - missing functions: none
symbol engine: initialized successfully - sym options: 0x614 - pdb path: .;C:\Program Files\JetBrains\IntelliJ IDEA 2020.3.1\jbr\bin;C:\Windows\SYSTEM32;C:\Windows\WinSxS\amd64_microsoft.windows.common-controls_6595b64144ccf1df_6.0.17763.1217_none_de6e4304534e0ad3;C:\Program Files\JetBrains\IntelliJ IDEA 2020.3.1\jbr\bin\server

VM Arguments:
jvm_args: -Djava.rmi.server.hostname=127.0.0.1 -Duser.timezone=UTC -Xmx2034m -Xms128m -Dfile.encoding=UTF-8 
java_command: com.intellij.database.remote.RemoteJdbcServer org.postgresql.Driver
java_class_path (initial): C:\Program Files\JetBrains\IntelliJ IDEA 2020.3.1\lib\util.jar;C:\Program Files\JetBrains\IntelliJ IDEA 2020.3.1\lib\trove4j.jar;C:\Program Files\JetBrains\IntelliJ IDEA 2020.3.1\lib\groovy-2.5.11.jar;C:\Program Files\JetBrains\IntelliJ IDEA 2020.3.1\plugins\DatabaseTools\lib\jdbc-console.jar;C:\Users\Darkhan\AppData\Roaming\JetBrains\IntelliJIdea2020.3\jdbc-drivers\PostgreSQL\42.2.5\postgresql-42.2.5.jar;C:\Users\Darkhan\AppData\Roaming\JetBrains\IntelliJIdea2020.3\jdbc-drivers\PostgreSQL\42.2.5\jna-platform-win-4.4.0.jar;C:\Users\Darkhan\AppData\Roaming\JetBrains\IntelliJIdea2020.3\jdbc-drivers\PostgreSQL\42.2.5\jna-win-4.4.0.jar;C:\Users\Darkhan\AppData\Roaming\JetBrains\IntelliJIdea2020.3\jdbc-drivers\PostgreSQL\42.2.5\waffle-jna-win-1.8.1.jar
Launcher Type: SUN_STANDARD

[Global flags]
     intx CICompilerCount                          = 4                                         {product} {ergonomic}
     uint ConcGCThreads                            = 2                                         {product} {ergonomic}
     uint G1ConcRefinementThreads                  = 8                                         {product} {ergonomic}
   size_t G1HeapRegionSize                         = 1048576                                   {product} {ergonomic}
    uintx GCDrainStackTargetSize                   = 64                                        {product} {ergonomic}
   size_t InitialHeapSize                          = 134217728                                 {product} {command line}
   size_t MarkStackSize                            = 4194304                                   {product} {ergonomic}
   size_t MaxHeapSize                              = 2132803584                                {product} {command line}
   size_t MaxNewSize                               = 1279262720                                {product} {ergonomic}
   size_t MinHeapDeltaBytes                        = 1048576                                   {product} {ergonomic}
    uintx NonNMethodCodeHeapSize                   = 5836300                                {pd product} {ergonomic}
    uintx NonProfiledCodeHeapSize                  = 122910970                              {pd product} {ergonomic}
    uintx ProfiledCodeHeapSize                     = 122910970                              {pd product} {ergonomic}
    uintx ReservedCodeCacheSize                    = 251658240                              {pd product} {ergonomic}
     bool SegmentedCodeCache                       = true                                      {product} {ergonomic}
     bool UseCompressedClassPointers               = true                                 {lp64_product} {ergonomic}
     bool UseCompressedOops                        = true                                 {lp64_product} {ergonomic}
     bool UseG1GC                                  = true                                      {product} {ergonomic}
     bool UseLargePagesIndividualAllocation        = false                                  {pd product} {ergonomic}

Logging:
Log output configuration:
 #0: stdout all=warning uptime,level,tags
 #1: stderr all=off uptime,level,tags

Environment Variables:
PATH=C:\Windows\system32;C:\Windows;C:\Windows\System32\Wbem;C:\Windows\System32\WindowsPowerShell\v1.0\;C:\Windows\System32\OpenSSH\;C:\Program Files\NVIDIA Corporation\NVIDIA NvDLISR;C:\Program Files (x86)\NVIDIA Corporation\PhysX\Common;C:\Users\Darkhan\AppData\Local\Microsoft\WindowsApps;;C:\Program Files\JetBrains\PyCharm Community Edition 2020.3\bin;;C:\Users\Darkhan\AppData\Local\Programs\Microsoft VS Code\bin;C:\Program Files\JetBrains\IntelliJ IDEA Community Edition 2020.3\bin;;C:\Program Files\JetBrains\IntelliJ IDEA 2020.3.1\bin;
USERNAME=Darkhan
OS=Windows_NT
PROCESSOR_IDENTIFIER=Intel64 Family 6 Model 158 Stepping 10, GenuineIntel



---------------  S Y S T E M  ---------------

OS: Windows 10 , 64 bit Build 17763 (10.0.17763.1158)
OS uptime: 0 days 0:27 hours

CPU:total 8 (initial active 8) (4 cores per cpu, 2 threads per core) family 6 model 158 stepping 10, cmov, cx8, fxsr, mmx, sse, sse2, sse3, ssse3, sse4.1, sse4.2, popcnt, avx, avx2, aes, clmul, erms, 3dnowpref, lzcnt, ht, tsc, tscinvbit, bmi1, bmi2, adx, fma

Memory: 4k page, system-wide physical 16273M (9152M free)
TotalPageFile size 17297M (AvailPageFile size 8247M)
current process WorkingSet (physical memory assigned to process): 151M, peak: 155M
current process commit charge ("private bytes"): 284M, peak: 291M

vm_info: OpenJDK 64-Bit Server VM (11.0.9.1+11-b1145.63) for windows-amd64 JRE (11.0.9.1+11-b1145.63), built on Dec 21 2020 13:58:54 by "" with MS VC++ 14.0 (VS2015)

END.
